2025-04-11 19:03:39 | INFO | XLMUSDT | Count: 1 | Price(15m/30m/1h/4h): -1.28% / -0.77% / -0.13% / -0.13% | Volume(1h/4h): -93.59% / -98.69% | RSI(15m/1h): 34.53 / 44.8
2025-04-11 19:04:13 | INFO | GTOUSDT | Count: 1 | Price(15m/30m/1h/4h): -6.73% / -1.44% / -1.75% / -3.52% | Volume(1h/4h): -44.44% / -43.69% | RSI(15m/1h): 25.85 / 36.78
2025-04-11 19:06:48 | INFO | HARDUSDT | Count: 1 | Price(15m/30m/1h/4h): -6.34% / -1.52% / -0.91% / -0.91% | Volume(1h/4h): -93.94% / -97.62% | RSI(15m/1h): 36.18 / 27.56
2025-04-11 19:08:32 | INFO | AUCTIONUSDT | Count: 1 | Price(15m/30m/1h/4h): -2.0% / -0.63% / -0.55% / -0.55% | Volume(1h/4h): -85.14% / -96.85% | RSI(15m/1h): 34.65 / 49.13
2025-04-11 19:10:03 | INFO | COMBOUSDT | Count: 1 | Price(15m/30m/1h/4h): -16.11% / -11.54% / -11.82% / -13.75% | Volume(1h/4h): -46.17% / -38.09% | RSI(15m/1h): 32.63 / 15.89
2025-04-11 19:10:15 | INFO | CREAMUSDT | Count: 1 | Price(15m/30m/1h/4h): -2.6% / -0.66% / -0.66% / -0.66% | Volume(1h/4h): -90.36% / -98.72% | RSI(15m/1h): 43.03 / 42.69
2025-04-11 19:11:20 | INFO | USUALUSDT | Count: 1 | Price(15m/30m/1h/4h): -4.89% / -1.29% / -0.07% / -0.07% | Volume(1h/4h): -90.39% / -97.41% | RSI(15m/1h): 41.27 / 49.57
2025-04-11 19:11:54 | ERROR | Помилка для ONDOUSDT: list index out of range
2025-04-11 19:11:55 | ERROR | Помилка для BIGTIMEUSDT: list index out of range
2025-04-11 19:11:55 | ERROR | Помилка для VIRTUALUSDT: list index out of range
2025-04-11 19:13:01 | INFO | GTOUSDT | Count: 2 | Price(15m/30m/1h/4h): -6.73% / -1.44% / -1.75% / -3.52% | Volume(1h/4h): -44.44% / -43.69% | RSI(15m/1h): 25.85 / 36.78
2025-04-11 19:13:24 | INFO | HBARUSDT | Count: 1 | Price(15m/30m/1h/4h): -3.44% / -0.58% / -0.44% / -0.44% | Volume(1h/4h): -94.38% / -97.83% | RSI(15m/1h): 31.7 / 39.24
2025-04-11 19:13:34 | INFO | FTTUSDT | Count: 1 | Price(15m/30m/1h/4h): -1.39% / -0.83% / -0.33% / -0.33% | Volume(1h/4h): -82.3% / -97.06% | RSI(15m/1h): 43.64 / 49.32
2025-04-11 19:14:44 | INFO | RSRUSDT | Count: 1 | Price(15m/30m/1h/4h): -2.02% / -0.59% / -0.64% / -0.64% | Volume(1h/4h): -88.63% / -97.82% | RSI(15m/1h): 40.58 / 47.44
2025-04-11 19:15:30 | INFO | HARDUSDT | Count: 2 | Price(15m/30m/1h/4h): -7.18% / -1.52% / -1.52% / -1.52% | Volume(1h/4h): -87.92% / -95.26% | RSI(15m/1h): 35.17 / 27.2
2025-04-11 19:15:59 | INFO | BADGERUSDT | Count: 1 | Price(15m/30m/1h/4h): -3.64% / -1.17% / -1.17% / -1.17% | Volume(1h/4h): -14.9% / -90.38% | RSI(15m/1h): 40.53 / 42.0
2025-04-11 19:16:36 | INFO | DEXEUSDT | Count: 1 | Price(15m/30m/1h/4h): -1.15% / -0.51% / -0.51% / -0.51% | Volume(1h/4h): -35.67% / -91.42% | RSI(15m/1h): 44.04 / 37.47
2025-04-11 19:17:05 | INFO | BETAUSDT | Count: 1 | Price(15m/30m/1h/4h): -4.81% / -1.65% / -1.65% / -1.65% | Volume(1h/4h): -75.14% / -88.97% | RSI(15m/1h): 45.93 / 33.16
2025-04-11 19:17:41 | INFO | API3USDT | Count: 1 | Price(15m/30m/1h/4h): -2.21% / -0.98% / -0.98% / -0.98% | Volume(1h/4h): -84.69% / -94.61% | RSI(15m/1h): 33.65 / 40.97
2025-04-11 19:18:17 | INFO | VIBUSDT | Count: 1 | Price(15m/30m/1h/4h): -1.5% / -0.94% / -0.94% / -0.94% | Volume(1h/4h): -46.6% / -86.85% | RSI(15m/1h): 34.21 / 38.48
2025-04-11 19:18:37 | INFO | COMBOUSDT | Count: 2 | Price(15m/30m/1h/4h): -16.11% / -11.54% / -11.82% / -13.75% | Volume(1h/4h): -46.17% / -38.09% | RSI(15m/1h): 32.63 / 15.89
2025-04-11 19:18:45 | INFO | CREAMUSDT | Count: 2 | Price(15m/30m/1h/4h): -3.25% / -1.32% / -1.32% / -1.32% | Volume(1h/4h): -82.22% / -97.64% | RSI(15m/1h): 40.67 / 42.08
2025-04-11 19:19:46 | INFO | USUALUSDT | Count: 2 | Price(15m/30m/1h/4h): -3.96% / -0.59% / -0.59% / -0.59% | Volume(1h/4h): -76.86% / -93.76% | RSI(15m/1h): 39.75 / 48.45
2025-04-11 19:20:05 | INFO | LAYERUSDT | Count: 1 | Price(15m/30m/1h/4h): -9.27% / -3.93% / -3.88% / -3.88% | Volume(1h/4h): -40.3% / -83.43% | RSI(15m/1h): 27.69 / 44.6
2025-04-11 19:20:20 | ERROR | Помилка для ONDOUSDT: list index out of range
2025-04-11 19:20:21 | ERROR | Помилка для BIGTIMEUSDT: list index out of range
2025-04-11 19:20:22 | ERROR | Помилка для VIRTUALUSDT: list index out of range
2025-04-11 19:20:48 | INFO | ADAUSDT | Count: 1 | Price(15m/30m/1h/4h): -1.09% / -0.56% / -0.56% / -0.56% | Volume(1h/4h): -82.68% / -96.57% | RSI(15m/1h): 41.73 / 49.05
2025-04-11 19:21:26 | INFO | GTOUSDT | Count: 3 | Price(15m/30m/1h/4h): -6.73% / -1.44% / -1.75% / -3.52% | Volume(1h/4h): -44.44% / -43.69% | RSI(15m/1h): 25.85 / 36.78
2025-04-11 19:21:50 | INFO | HBARUSDT | Count: 2 | Price(15m/30m/1h/4h): -3.95% / -0.7% / -0.7% / -0.7% | Volume(1h/4h): -89.14% / -95.81% | RSI(15m/1h): 30.39 / 38.3
2025-04-11 19:22:11 | INFO | LTOUSDT | Count: 1 | Price(15m/30m/1h/4h): -2.41% / -0.7% / -0.7% / -0.7% | Volume(1h/4h): -36.25% / -87.45% | RSI(15m/1h): 40.89 / 39.02
2025-04-11 19:23:09 | INFO | RSRUSDT | Count: 2 | Price(15m/30m/1h/4h): -2.51% / -0.72% / -0.72% / -0.72% | Volume(1h/4h): -81.02% / -96.36% | RSI(15m/1h): 40.12 / 47.16
2025-04-11 19:23:40 | INFO | AAVEUSDT | Count: 1 | Price(15m/30m/1h/4h): -0.59% / -0.65% / -0.65% / -0.64% | Volume(1h/4h): -80.35% / -96.3% | RSI(15m/1h): 46.45 / 48.69
2025-04-11 19:24:18 | INFO | FIROUSDT | Count: 1 | Price(15m/30m/1h/4h): -8.6% / -0.74% / -0.74% / -0.74% | Volume(1h/4h): -72.77% / -97.01% | RSI(15m/1h): 44.93 / 45.65
2025-04-11 19:24:59 | INFO | DEXEUSDT | Count: 2 | Price(15m/30m/1h/4h): -1.79% / -1.15% / -1.15% / -1.15% | Volume(1h/4h): -12.0% / -88.26% | RSI(15m/1h): 38.97 / 34.8
2025-04-11 19:25:15 | INFO | ELFUSDT | Count: 1 | Price(15m/30m/1h/4h): -1.62% / -0.84% / -0.84% / -0.84% | Volume(1h/4h): -51.21% / -84.7% | RSI(15m/1h): 31.98 / 43.16
2025-04-11 19:25:29 | INFO | BETAUSDT | Count: 2 | Price(15m/30m/1h/4h): -5.49% / -2.36% / -2.36% / -2.36% | Volume(1h/4h): -68.52% / -86.03% | RSI(15m/1h): 44.37 / 32.72
2025-04-11 19:26:04 | INFO | API3USDT | Count: 2 | Price(15m/30m/1h/4h): -2.21% / -0.98% / -0.98% / -0.98% | Volume(1h/4h): -80.53% / -93.14% | RSI(15m/1h): 33.65 / 40.97
2025-04-11 19:27:00 | INFO | COMBOUSDT | Count: 3 | Price(15m/30m/1h/4h): -16.11% / -11.54% / -11.82% / -13.75% | Volume(1h/4h): -46.17% / -38.09% | RSI(15m/1h): 32.63 / 15.89
2025-04-11 19:27:09 | INFO | CREAMUSDT | Count: 3 | Price(15m/30m/1h/4h): -2.6% / -0.66% / -0.66% / -0.66% | Volume(1h/4h): -66.9% / -95.6% | RSI(15m/1h): 42.87 / 42.69
2025-04-11 19:27:33 | INFO | PDAUSDT | Count: 1 | Price(15m/30m/1h/4h): -0.91% / -1.4% / -1.4% / -1.1% | Volume(1h/4h): -35.15% / -91.61% | RSI(15m/1h): 44.52 / 43.83
2025-04-11 19:28:27 | INFO | LAYERUSDT | Count: 2 | Price(15m/30m/1h/4h): -9.06% / -3.7% / -3.73% / -3.73% | Volume(1h/4h): -9.89% / -74.99% | RSI(15m/1h): 28.18 / 44.91
2025-04-11 19:28:42 | ERROR | Помилка для ONDOUSDT: list index out of range
2025-04-11 19:28:43 | ERROR | Помилка для BIGTIMEUSDT: list index out of range
2025-04-11 19:28:44 | ERROR | Помилка для VIRTUALUSDT: list index out of range
2025-04-11 19:29:12 | INFO | EOSUSDT | Count: 1 | Price(15m/30m/1h/4h): -1.46% / -0.63% / -0.63% / -0.63% | Volume(1h/4h): -64.76% / -92.32% | RSI(15m/1h): 41.78 / 40.17
2025-04-11 19:29:20 | INFO | NULSUSDT | Count: 1 | Price(15m/30m/1h/4h): -0.72% / -0.72% / -0.72% / -0.72% | Volume(1h/4h): -83.2% / -93.94% | RSI(15m/1h): 41.75 / 33.93
2025-04-11 19:29:43 | INFO | ATOMUSDT | Count: 1 | Price(15m/30m/1h/4h): -0.73% / -0.94% / -0.89% / -0.89% | Volume(1h/4h): -36.27% / -90.32% | RSI(15m/1h): 36.73 / 37.18
2025-04-11 19:29:48 | INFO | GTOUSDT | Count: 1 | Price(15m/30m/1h/4h): -6.73% / -1.44% / -1.75% / -3.52% | Volume(1h/4h): -44.44% / -43.69% | RSI(15m/1h): 25.85 / 36.78
2025-04-11 19:31:50 | INFO | WINGUSDT | Count: 1 | Price(15m/30m/1h/4h): -5.83% / -0.7% / -0.7% / -0.7% | Volume(1h/4h): -57.43% / -88.44% | RSI(15m/1h): 31.11 / 31.11
